2013-05-30 09:19:39 	
Can't find bundle for base name languages/lang, locale zh_CN:
java.util.ResourceBundle.throwMissingResourceException(ResourceBundle.java:1427)
java.util.ResourceBundle.getBundleImpl(ResourceBundle.java:1250)
java.util.ResourceBundle.getBundle(ResourceBundle.java:777)
org.tinystruct.system.Resource.<init>(Resource.java:22)
org.tinystruct.system.Resource.getInstance(Resource.java:42)
org.tinystruct.AbstractApplication.predefine(AbstractApplication.java:76)
org.tinystruct.AbstractApplication.<init>(AbstractApplication.java:67)
tinystruct.examples.firstApplication.<init>(firstApplication.java:8)
sun.reflect.NativeConstructorAccessorImpl.newInstance0(Native Method)
sun.reflect.NativeConstructorAccessorImpl.newInstance(NativeConstructorAccessorImpl.java:39)
sun.reflect.DelegatingConstructorAccessorImpl.newInstance(DelegatingConstructorAccessorImpl.java:27)
java.lang.reflect.Constructor.newInstance(Constructor.java:513)
java.lang.Class.newInstance0(Class.java:357)
java.lang.Class.newInstance(Class.java:310)
org.tinystruct.system.ApplicationManager.init(ApplicationManager.java:21)
org.tinystruct.system.DefaultHandler.start(DefaultHandler.java:167)
org.tinystruct.system.DefaultHandler.init(DefaultHandler.java:211)
org.apache.catalina.core.ApplicationFilterConfig.getFilter(ApplicationFilterConfig.java:295)
org.apache.catalina.core.ApplicationFilterConfig.setFilterDef(ApplicationFilterConfig.java:422)
org.apache.catalina.core.ApplicationFilterConfig.<init>(ApplicationFilterConfig.java:115)
org.apache.catalina.core.StandardContext.filterStart(StandardContext.java:4072)
org.apache.catalina.core.StandardContext.start(StandardContext.java:4726)
org.apache.catalina.core.ContainerBase.start(ContainerBase.java:1057)
org.apache.catalina.core.StandardHost.start(StandardHost.java:840)
org.apache.catalina.core.ContainerBase.start(ContainerBase.java:1057)
org.apache.catalina.core.StandardEngine.start(StandardEngine.java:463)
org.apache.catalina.core.StandardService.start(StandardService.java:525)
org.apache.catalina.core.StandardServer.start(StandardServer.java:754)
org.apache.catalina.startup.Catalina.start(Catalina.java:595)
sun.reflect.NativeMethodAccessorImpl.invoke0(Native Method)
sun.reflect.NativeMethodAccessorImpl.invoke(NativeMethodAccessorImpl.java:39)
sun.reflect.DelegatingMethodAccessorImpl.invoke(DelegatingMethodAccessorImpl.java:25)
java.lang.reflect.Method.invoke(Method.java:597)
org.apache.catalina.startup.Bootstrap.start(Bootstrap.java:289)
org.apache.catalina.startup.Bootstrap.main(Bootstrap.java:414)


2013-05-30 09:19:39 	
Can't find bundle for base name languages/lang, locale zh_CN:
java.util.ResourceBundle.throwMissingResourceException(ResourceBundle.java:1427)
java.util.ResourceBundle.getBundleImpl(ResourceBundle.java:1250)
java.util.ResourceBundle.getBundle(ResourceBundle.java:777)
org.tinystruct.system.Resource.<init>(Resource.java:22)
org.tinystruct.system.Resource.getInstance(Resource.java:42)
org.tinystruct.AbstractApplication.predefine(AbstractApplication.java:76)
org.tinystruct.AbstractApplication.<init>(AbstractApplication.java:67)
tinystruct.examples.time.<init>(time.java:10)
sun.reflect.NativeConstructorAccessorImpl.newInstance0(Native Method)
sun.reflect.NativeConstructorAccessorImpl.newInstance(NativeConstructorAccessorImpl.java:39)
sun.reflect.DelegatingConstructorAccessorImpl.newInstance(DelegatingConstructorAccessorImpl.java:27)
java.lang.reflect.Constructor.newInstance(Constructor.java:513)
java.lang.Class.newInstance0(Class.java:357)
java.lang.Class.newInstance(Class.java:310)
org.tinystruct.system.ApplicationManager.init(ApplicationManager.java:21)
org.tinystruct.system.DefaultHandler.start(DefaultHandler.java:167)
org.tinystruct.system.DefaultHandler.init(DefaultHandler.java:211)
org.apache.catalina.core.ApplicationFilterConfig.getFilter(ApplicationFilterConfig.java:295)
org.apache.catalina.core.ApplicationFilterConfig.setFilterDef(ApplicationFilterConfig.java:422)
org.apache.catalina.core.ApplicationFilterConfig.<init>(ApplicationFilterConfig.java:115)
org.apache.catalina.core.StandardContext.filterStart(StandardContext.java:4072)
org.apache.catalina.core.StandardContext.start(StandardContext.java:4726)
org.apache.catalina.core.ContainerBase.start(ContainerBase.java:1057)
org.apache.catalina.core.StandardHost.start(StandardHost.java:840)
org.apache.catalina.core.ContainerBase.start(ContainerBase.java:1057)
org.apache.catalina.core.StandardEngine.start(StandardEngine.java:463)
org.apache.catalina.core.StandardService.start(StandardService.java:525)
org.apache.catalina.core.StandardServer.start(StandardServer.java:754)
org.apache.catalina.startup.Catalina.start(Catalina.java:595)
sun.reflect.NativeMethodAccessorImpl.invoke0(Native Method)
sun.reflect.NativeMethodAccessorImpl.invoke(NativeMethodAccessorImpl.java:39)
sun.reflect.DelegatingMethodAccessorImpl.invoke(DelegatingMethodAccessorImpl.java:25)
java.lang.reflect.Method.invoke(Method.java:597)
org.apache.catalina.startup.Bootstrap.start(Bootstrap.java:289)
org.apache.catalina.startup.Bootstrap.main(Bootstrap.java:414)


2013-05-30 09:19:39 	
Can't find bundle for base name languages/lang, locale zh_CN:
java.util.ResourceBundle.throwMissingResourceException(ResourceBundle.java:1427)
java.util.ResourceBundle.getBundleImpl(ResourceBundle.java:1250)
java.util.ResourceBundle.getBundle(ResourceBundle.java:777)
org.tinystruct.system.Resource.<init>(Resource.java:22)
org.tinystruct.system.Resource.getInstance(Resource.java:42)
org.tinystruct.AbstractApplication.predefine(AbstractApplication.java:76)
org.tinystruct.AbstractApplication.<init>(AbstractApplication.java:67)
tinystruct.examples.tinyeditor.<init>(tinyeditor.java:10)
sun.reflect.NativeConstructorAccessorImpl.newInstance0(Native Method)
sun.reflect.NativeConstructorAccessorImpl.newInstance(NativeConstructorAccessorImpl.java:39)
sun.reflect.DelegatingConstructorAccessorImpl.newInstance(DelegatingConstructorAccessorImpl.java:27)
java.lang.reflect.Constructor.newInstance(Constructor.java:513)
java.lang.Class.newInstance0(Class.java:357)
java.lang.Class.newInstance(Class.java:310)
org.tinystruct.system.ApplicationManager.init(ApplicationManager.java:21)
org.tinystruct.system.DefaultHandler.start(DefaultHandler.java:167)
org.tinystruct.system.DefaultHandler.init(DefaultHandler.java:211)
org.apache.catalina.core.ApplicationFilterConfig.getFilter(ApplicationFilterConfig.java:295)
org.apache.catalina.core.ApplicationFilterConfig.setFilterDef(ApplicationFilterConfig.java:422)
org.apache.catalina.core.ApplicationFilterConfig.<init>(ApplicationFilterConfig.java:115)
org.apache.catalina.core.StandardContext.filterStart(StandardContext.java:4072)
org.apache.catalina.core.StandardContext.start(StandardContext.java:4726)
org.apache.catalina.core.ContainerBase.start(ContainerBase.java:1057)
org.apache.catalina.core.StandardHost.start(StandardHost.java:840)
org.apache.catalina.core.ContainerBase.start(ContainerBase.java:1057)
org.apache.catalina.core.StandardEngine.start(StandardEngine.java:463)
org.apache.catalina.core.StandardService.start(StandardService.java:525)
org.apache.catalina.core.StandardServer.start(StandardServer.java:754)
org.apache.catalina.startup.Catalina.start(Catalina.java:595)
sun.reflect.NativeMethodAccessorImpl.invoke0(Native Method)
sun.reflect.NativeMethodAccessorImpl.invoke(NativeMethodAccessorImpl.java:39)
sun.reflect.DelegatingMethodAccessorImpl.invoke(DelegatingMethodAccessorImpl.java:25)
java.lang.reflect.Method.invoke(Method.java:597)
org.apache.catalina.startup.Bootstrap.start(Bootstrap.java:289)
org.apache.catalina.startup.Bootstrap.main(Bootstrap.java:414)


2013-05-30 09:19:45 	
Can't find bundle for base name languages/lang, locale zh_CN:
java.util.ResourceBundle.throwMissingResourceException(ResourceBundle.java:1427)
java.util.ResourceBundle.getBundleImpl(ResourceBundle.java:1250)
java.util.ResourceBundle.getBundle(ResourceBundle.java:777)
org.tinystruct.system.Resource.<init>(Resource.java:22)
org.tinystruct.system.Resource.getInstance(Resource.java:42)
org.tinystruct.AbstractApplication.predefine(AbstractApplication.java:76)
org.tinystruct.AbstractApplication.init(AbstractApplication.java:98)
org.tinystruct.application.Action.setContext(Action.java:23)
org.tinystruct.system.ApplicationManager.call(ApplicationManager.java:100)
org.tinystruct.system.DefaultHandler.service(DefaultHandler.java:105)
org.tinystruct.system.DefaultHandler.doFilter(DefaultHandler.java:187)
org.apache.catalina.core.ApplicationFilterChain.internalDoFilter(ApplicationFilterChain.java:235)
org.apache.catalina.core.ApplicationFilterChain.doFilter(ApplicationFilterChain.java:206)
org.apache.catalina.core.StandardWrapperValve.invoke(StandardWrapperValve.java:233)
org.apache.catalina.core.StandardContextValve.invoke(StandardContextValve.java:191)
org.apache.catalina.core.StandardHostValve.invoke(StandardHostValve.java:127)
org.apache.catalina.valves.ErrorReportValve.invoke(ErrorReportValve.java:102)
org.apache.catalina.core.StandardEngineValve.invoke(StandardEngineValve.java:109)
org.apache.catalina.connector.CoyoteAdapter.service(CoyoteAdapter.java:293)
org.apache.coyote.http11.Http11Processor.process(Http11Processor.java:859)
org.apache.coyote.http11.Http11Protocol$Http11ConnectionHandler.process(Http11Protocol.java:602)
org.apache.tomcat.util.net.JIoEndpoint$Worker.run(JIoEndpoint.java:489)
java.lang.Thread.run(Thread.java:680)


2013-05-30 09:19:55 	
Can't find bundle for base name languages/lang, locale zh_CN:
java.util.ResourceBundle.throwMissingResourceException(ResourceBundle.java:1427)
java.util.ResourceBundle.getBundleImpl(ResourceBundle.java:1250)
java.util.ResourceBundle.getBundle(ResourceBundle.java:777)
org.tinystruct.system.Resource.<init>(Resource.java:22)
org.tinystruct.system.Resource.getInstance(Resource.java:42)
org.tinystruct.AbstractApplication.predefine(AbstractApplication.java:76)
org.tinystruct.AbstractApplication.init(AbstractApplication.java:98)
org.tinystruct.application.Action.setContext(Action.java:23)
org.tinystruct.system.ApplicationManager.call(ApplicationManager.java:100)
org.tinystruct.system.DefaultHandler.service(DefaultHandler.java:100)
org.tinystruct.system.DefaultHandler.doFilter(DefaultHandler.java:187)
org.apache.catalina.core.ApplicationFilterChain.internalDoFilter(ApplicationFilterChain.java:235)
org.apache.catalina.core.ApplicationFilterChain.doFilter(ApplicationFilterChain.java:206)
org.apache.catalina.core.StandardWrapperValve.invoke(StandardWrapperValve.java:233)
org.apache.catalina.core.StandardContextValve.invoke(StandardContextValve.java:191)
org.apache.catalina.core.StandardHostValve.invoke(StandardHostValve.java:127)
org.apache.catalina.valves.ErrorReportValve.invoke(ErrorReportValve.java:102)
org.apache.catalina.core.StandardEngineValve.invoke(StandardEngineValve.java:109)
org.apache.catalina.connector.CoyoteAdapter.service(CoyoteAdapter.java:293)
org.apache.coyote.http11.Http11Processor.process(Http11Processor.java:859)
org.apache.coyote.http11.Http11Protocol$Http11ConnectionHandler.process(Http11Protocol.java:602)
org.apache.tomcat.util.net.JIoEndpoint$Worker.run(JIoEndpoint.java:489)
java.lang.Thread.run(Thread.java:680)


2013-05-30 09:19:56 	
Can't find bundle for base name languages/lang, locale zh_CN:
java.util.ResourceBundle.throwMissingResourceException(ResourceBundle.java:1427)
java.util.ResourceBundle.getBundleImpl(ResourceBundle.java:1250)
java.util.ResourceBundle.getBundle(ResourceBundle.java:777)
org.tinystruct.system.Resource.<init>(Resource.java:22)
org.tinystruct.system.Resource.getInstance(Resource.java:42)
org.tinystruct.AbstractApplication.predefine(AbstractApplication.java:76)
org.tinystruct.AbstractApplication.init(AbstractApplication.java:98)
org.tinystruct.application.Action.setContext(Action.java:23)
org.tinystruct.system.ApplicationManager.call(ApplicationManager.java:100)
org.tinystruct.system.DefaultHandler.service(DefaultHandler.java:100)
org.tinystruct.system.DefaultHandler.doFilter(DefaultHandler.java:187)
org.apache.catalina.core.ApplicationFilterChain.internalDoFilter(ApplicationFilterChain.java:235)
org.apache.catalina.core.ApplicationFilterChain.doFilter(ApplicationFilterChain.java:206)
org.apache.catalina.core.StandardWrapperValve.invoke(StandardWrapperValve.java:233)
org.apache.catalina.core.StandardContextValve.invoke(StandardContextValve.java:191)
org.apache.catalina.core.StandardHostValve.invoke(StandardHostValve.java:127)
org.apache.catalina.valves.ErrorReportValve.invoke(ErrorReportValve.java:102)
org.apache.catalina.core.StandardEngineValve.invoke(StandardEngineValve.java:109)
org.apache.catalina.connector.CoyoteAdapter.service(CoyoteAdapter.java:293)
org.apache.coyote.http11.Http11Processor.process(Http11Processor.java:859)
org.apache.coyote.http11.Http11Protocol$Http11ConnectionHandler.process(Http11Protocol.java:602)
org.apache.tomcat.util.net.JIoEndpoint$Worker.run(JIoEndpoint.java:489)
java.lang.Thread.run(Thread.java:680)


2013-05-30 09:20:05 	
Can't find bundle for base name languages/lang, locale zh_CN:
java.util.ResourceBundle.throwMissingResourceException(ResourceBundle.java:1427)
java.util.ResourceBundle.getBundleImpl(ResourceBundle.java:1250)
java.util.ResourceBundle.getBundle(ResourceBundle.java:777)
org.tinystruct.system.Resource.<init>(Resource.java:22)
org.tinystruct.system.Resource.getInstance(Resource.java:42)
org.tinystruct.AbstractApplication.predefine(AbstractApplication.java:76)
org.tinystruct.AbstractApplication.init(AbstractApplication.java:98)
org.tinystruct.application.Action.setContext(Action.java:23)
org.tinystruct.system.ApplicationManager.call(ApplicationManager.java:100)
org.tinystruct.system.DefaultHandler.service(DefaultHandler.java:100)
org.tinystruct.system.DefaultHandler.doFilter(DefaultHandler.java:187)
org.apache.catalina.core.ApplicationFilterChain.internalDoFilter(ApplicationFilterChain.java:235)
org.apache.catalina.core.ApplicationFilterChain.doFilter(ApplicationFilterChain.java:206)
org.apache.catalina.core.StandardWrapperValve.invoke(StandardWrapperValve.java:233)
org.apache.catalina.core.StandardContextValve.invoke(StandardContextValve.java:191)
org.apache.catalina.core.StandardHostValve.invoke(StandardHostValve.java:127)
org.apache.catalina.valves.ErrorReportValve.invoke(ErrorReportValve.java:102)
org.apache.catalina.core.StandardEngineValve.invoke(StandardEngineValve.java:109)
org.apache.catalina.connector.CoyoteAdapter.service(CoyoteAdapter.java:293)
org.apache.coyote.http11.Http11Processor.process(Http11Processor.java:859)
org.apache.coyote.http11.Http11Protocol$Http11ConnectionHandler.process(Http11Protocol.java:602)
org.apache.tomcat.util.net.JIoEndpoint$Worker.run(JIoEndpoint.java:489)
java.lang.Thread.run(Thread.java:680)


2013-05-30 09:20:11 	
Can't find bundle for base name languages/lang, locale zh_CN:
java.util.ResourceBundle.throwMissingResourceException(ResourceBundle.java:1427)
java.util.ResourceBundle.getBundleImpl(ResourceBundle.java:1250)
java.util.ResourceBundle.getBundle(ResourceBundle.java:777)
org.tinystruct.system.Resource.<init>(Resource.java:22)
org.tinystruct.system.Resource.getInstance(Resource.java:42)
org.tinystruct.AbstractApplication.predefine(AbstractApplication.java:76)
org.tinystruct.AbstractApplication.init(AbstractApplication.java:98)
org.tinystruct.application.Action.setContext(Action.java:23)
org.tinystruct.system.ApplicationManager.call(ApplicationManager.java:100)
org.tinystruct.system.DefaultHandler.service(DefaultHandler.java:100)
org.tinystruct.system.DefaultHandler.doFilter(DefaultHandler.java:187)
org.apache.catalina.core.ApplicationFilterChain.internalDoFilter(ApplicationFilterChain.java:235)
org.apache.catalina.core.ApplicationFilterChain.doFilter(ApplicationFilterChain.java:206)
org.apache.catalina.core.StandardWrapperValve.invoke(StandardWrapperValve.java:233)
org.apache.catalina.core.StandardContextValve.invoke(StandardContextValve.java:191)
org.apache.catalina.core.StandardHostValve.invoke(StandardHostValve.java:127)
org.apache.catalina.valves.ErrorReportValve.invoke(ErrorReportValve.java:102)
org.apache.catalina.core.StandardEngineValve.invoke(StandardEngineValve.java:109)
org.apache.catalina.connector.CoyoteAdapter.service(CoyoteAdapter.java:293)
org.apache.coyote.http11.Http11Processor.process(Http11Processor.java:859)
org.apache.coyote.http11.Http11Protocol$Http11ConnectionHandler.process(Http11Protocol.java:602)
org.apache.tomcat.util.net.JIoEndpoint$Worker.run(JIoEndpoint.java:489)
java.lang.Thread.run(Thread.java:680)


2013-05-30 09:20:38 	
Can't find bundle for base name languages/lang, locale zh_CN:
java.util.ResourceBundle.throwMissingResourceException(ResourceBundle.java:1427)
java.util.ResourceBundle.getBundleImpl(ResourceBundle.java:1250)
java.util.ResourceBundle.getBundle(ResourceBundle.java:777)
org.tinystruct.system.Resource.<init>(Resource.java:22)
org.tinystruct.system.Resource.getInstance(Resource.java:42)
org.tinystruct.AbstractApplication.predefine(AbstractApplication.java:76)
org.tinystruct.AbstractApplication.init(AbstractApplication.java:98)
org.tinystruct.application.Action.setContext(Action.java:23)
org.tinystruct.system.ApplicationManager.call(ApplicationManager.java:100)
org.tinystruct.system.DefaultHandler.service(DefaultHandler.java:100)
org.tinystruct.system.DefaultHandler.doFilter(DefaultHandler.java:187)
org.apache.catalina.core.ApplicationFilterChain.internalDoFilter(ApplicationFilterChain.java:235)
org.apache.catalina.core.ApplicationFilterChain.doFilter(ApplicationFilterChain.java:206)
org.apache.catalina.core.StandardWrapperValve.invoke(StandardWrapperValve.java:233)
org.apache.catalina.core.StandardContextValve.invoke(StandardContextValve.java:191)
org.apache.catalina.core.StandardHostValve.invoke(StandardHostValve.java:127)
org.apache.catalina.valves.ErrorReportValve.invoke(ErrorReportValve.java:102)
org.apache.catalina.core.StandardEngineValve.invoke(StandardEngineValve.java:109)
org.apache.catalina.connector.CoyoteAdapter.service(CoyoteAdapter.java:293)
org.apache.coyote.http11.Http11Processor.process(Http11Processor.java:859)
org.apache.coyote.http11.Http11Protocol$Http11ConnectionHandler.process(Http11Protocol.java:602)
org.apache.tomcat.util.net.JIoEndpoint$Worker.run(JIoEndpoint.java:489)
java.lang.Thread.run(Thread.java:680)


2013-05-30 09:20:39 	
Can't find bundle for base name languages/lang, locale zh_CN:
java.util.ResourceBundle.throwMissingResourceException(ResourceBundle.java:1427)
java.util.ResourceBundle.getBundleImpl(ResourceBundle.java:1250)
java.util.ResourceBundle.getBundle(ResourceBundle.java:777)
org.tinystruct.system.Resource.<init>(Resource.java:22)
org.tinystruct.system.Resource.getInstance(Resource.java:42)
org.tinystruct.AbstractApplication.predefine(AbstractApplication.java:76)
org.tinystruct.AbstractApplication.init(AbstractApplication.java:98)
org.tinystruct.application.Action.setContext(Action.java:23)
org.tinystruct.system.ApplicationManager.call(ApplicationManager.java:100)
org.tinystruct.system.DefaultHandler.service(DefaultHandler.java:100)
org.tinystruct.system.DefaultHandler.doFilter(DefaultHandler.java:187)
org.apache.catalina.core.ApplicationFilterChain.internalDoFilter(ApplicationFilterChain.java:235)
org.apache.catalina.core.ApplicationFilterChain.doFilter(ApplicationFilterChain.java:206)
org.apache.catalina.core.StandardWrapperValve.invoke(StandardWrapperValve.java:233)
org.apache.catalina.core.StandardContextValve.invoke(StandardContextValve.java:191)
org.apache.catalina.core.StandardHostValve.invoke(StandardHostValve.java:127)
org.apache.catalina.valves.ErrorReportValve.invoke(ErrorReportValve.java:102)
org.apache.catalina.core.StandardEngineValve.invoke(StandardEngineValve.java:109)
org.apache.catalina.connector.CoyoteAdapter.service(CoyoteAdapter.java:293)
org.apache.coyote.http11.Http11Processor.process(Http11Processor.java:859)
org.apache.coyote.http11.Http11Protocol$Http11ConnectionHandler.process(Http11Protocol.java:602)
org.apache.tomcat.util.net.JIoEndpoint$Worker.run(JIoEndpoint.java:489)
java.lang.Thread.run(Thread.java:680)


2013-05-30 09:20:47 	
Can't find bundle for base name languages/lang, locale zh_CN:
java.util.ResourceBundle.throwMissingResourceException(ResourceBundle.java:1427)
java.util.ResourceBundle.getBundleImpl(ResourceBundle.java:1250)
java.util.ResourceBundle.getBundle(ResourceBundle.java:777)
org.tinystruct.system.Resource.<init>(Resource.java:22)
org.tinystruct.system.Resource.getInstance(Resource.java:42)
org.tinystruct.AbstractApplication.predefine(AbstractApplication.java:76)
org.tinystruct.AbstractApplication.init(AbstractApplication.java:98)
org.tinystruct.application.Action.setContext(Action.java:23)
org.tinystruct.system.ApplicationManager.call(ApplicationManager.java:100)
org.tinystruct.system.DefaultHandler.service(DefaultHandler.java:100)
org.tinystruct.system.DefaultHandler.doFilter(DefaultHandler.java:187)
org.apache.catalina.core.ApplicationFilterChain.internalDoFilter(ApplicationFilterChain.java:235)
org.apache.catalina.core.ApplicationFilterChain.doFilter(ApplicationFilterChain.java:206)
org.apache.catalina.core.StandardWrapperValve.invoke(StandardWrapperValve.java:233)
org.apache.catalina.core.StandardContextValve.invoke(StandardContextValve.java:191)
org.apache.catalina.core.StandardHostValve.invoke(StandardHostValve.java:127)
org.apache.catalina.valves.ErrorReportValve.invoke(ErrorReportValve.java:102)
org.apache.catalina.core.StandardEngineValve.invoke(StandardEngineValve.java:109)
org.apache.catalina.connector.CoyoteAdapter.service(CoyoteAdapter.java:293)
org.apache.coyote.http11.Http11Processor.process(Http11Processor.java:859)
org.apache.coyote.http11.Http11Protocol$Http11ConnectionHandler.process(Http11Protocol.java:602)
org.apache.tomcat.util.net.JIoEndpoint$Worker.run(JIoEndpoint.java:489)
java.lang.Thread.run(Thread.java:680)


2013-05-30 09:20:55 	
Can't find bundle for base name languages/lang, locale zh_CN:
java.util.ResourceBundle.throwMissingResourceException(ResourceBundle.java:1427)
java.util.ResourceBundle.getBundleImpl(ResourceBundle.java:1250)
java.util.ResourceBundle.getBundle(ResourceBundle.java:777)
org.tinystruct.system.Resource.<init>(Resource.java:22)
org.tinystruct.system.Resource.getInstance(Resource.java:42)
org.tinystruct.AbstractApplication.predefine(AbstractApplication.java:76)
org.tinystruct.AbstractApplication.init(AbstractApplication.java:98)
org.tinystruct.application.Action.setContext(Action.java:23)
org.tinystruct.system.ApplicationManager.call(ApplicationManager.java:100)
org.tinystruct.system.DefaultHandler.service(DefaultHandler.java:100)
org.tinystruct.system.DefaultHandler.doFilter(DefaultHandler.java:187)
org.apache.catalina.core.ApplicationFilterChain.internalDoFilter(ApplicationFilterChain.java:235)
org.apache.catalina.core.ApplicationFilterChain.doFilter(ApplicationFilterChain.java:206)
org.apache.catalina.core.StandardWrapperValve.invoke(StandardWrapperValve.java:233)
org.apache.catalina.core.StandardContextValve.invoke(StandardContextValve.java:191)
org.apache.catalina.core.StandardHostValve.invoke(StandardHostValve.java:127)
org.apache.catalina.valves.ErrorReportValve.invoke(ErrorReportValve.java:102)
org.apache.catalina.core.StandardEngineValve.invoke(StandardEngineValve.java:109)
org.apache.catalina.connector.CoyoteAdapter.service(CoyoteAdapter.java:293)
org.apache.coyote.http11.Http11Processor.process(Http11Processor.java:859)
org.apache.coyote.http11.Http11Protocol$Http11ConnectionHandler.process(Http11Protocol.java:602)
org.apache.tomcat.util.net.JIoEndpoint$Worker.run(JIoEndpoint.java:489)
java.lang.Thread.run(Thread.java:680)


2013-05-30 09:21:19 	
Can't find bundle for base name languages/lang, locale zh_CN:
java.util.ResourceBundle.throwMissingResourceException(ResourceBundle.java:1427)
java.util.ResourceBundle.getBundleImpl(ResourceBundle.java:1250)
java.util.ResourceBundle.getBundle(ResourceBundle.java:777)
org.tinystruct.system.Resource.<init>(Resource.java:22)
org.tinystruct.system.Resource.getInstance(Resource.java:42)
org.tinystruct.AbstractApplication.predefine(AbstractApplication.java:76)
org.tinystruct.AbstractApplication.init(AbstractApplication.java:98)
org.tinystruct.application.Action.setContext(Action.java:23)
org.tinystruct.system.ApplicationManager.call(ApplicationManager.java:100)
org.tinystruct.system.DefaultHandler.service(DefaultHandler.java:100)
org.tinystruct.system.DefaultHandler.doFilter(DefaultHandler.java:187)
org.apache.catalina.core.ApplicationFilterChain.internalDoFilter(ApplicationFilterChain.java:235)
org.apache.catalina.core.ApplicationFilterChain.doFilter(ApplicationFilterChain.java:206)
org.apache.catalina.core.StandardWrapperValve.invoke(StandardWrapperValve.java:233)
org.apache.catalina.core.StandardContextValve.invoke(StandardContextValve.java:191)
org.apache.catalina.core.StandardHostValve.invoke(StandardHostValve.java:127)
org.apache.catalina.valves.ErrorReportValve.invoke(ErrorReportValve.java:102)
org.apache.catalina.core.StandardEngineValve.invoke(StandardEngineValve.java:109)
org.apache.catalina.connector.CoyoteAdapter.service(CoyoteAdapter.java:293)
org.apache.coyote.http11.Http11Processor.process(Http11Processor.java:859)
org.apache.coyote.http11.Http11Protocol$Http11ConnectionHandler.process(Http11Protocol.java:602)
org.apache.tomcat.util.net.JIoEndpoint$Worker.run(JIoEndpoint.java:489)
java.lang.Thread.run(Thread.java:680)


2013-05-30 09:21:54 	
Can't find bundle for base name languages/lang, locale zh_CN:
java.util.ResourceBundle.throwMissingResourceException(ResourceBundle.java:1427)
java.util.ResourceBundle.getBundleImpl(ResourceBundle.java:1250)
java.util.ResourceBundle.getBundle(ResourceBundle.java:777)
org.tinystruct.system.Resource.<init>(Resource.java:22)
org.tinystruct.system.Resource.getInstance(Resource.java:42)
org.tinystruct.AbstractApplication.predefine(AbstractApplication.java:76)
org.tinystruct.AbstractApplication.init(AbstractApplication.java:98)
org.tinystruct.application.Action.setContext(Action.java:23)
org.tinystruct.system.ApplicationManager.call(ApplicationManager.java:100)
org.tinystruct.system.DefaultHandler.service(DefaultHandler.java:100)
org.tinystruct.system.DefaultHandler.doFilter(DefaultHandler.java:187)
org.apache.catalina.core.ApplicationFilterChain.internalDoFilter(ApplicationFilterChain.java:235)
org.apache.catalina.core.ApplicationFilterChain.doFilter(ApplicationFilterChain.java:206)
org.apache.catalina.core.StandardWrapperValve.invoke(StandardWrapperValve.java:233)
org.apache.catalina.core.StandardContextValve.invoke(StandardContextValve.java:191)
org.apache.catalina.core.StandardHostValve.invoke(StandardHostValve.java:127)
org.apache.catalina.valves.ErrorReportValve.invoke(ErrorReportValve.java:102)
org.apache.catalina.core.StandardEngineValve.invoke(StandardEngineValve.java:109)
org.apache.catalina.connector.CoyoteAdapter.service(CoyoteAdapter.java:293)
org.apache.coyote.http11.Http11Processor.process(Http11Processor.java:859)
org.apache.coyote.http11.Http11Protocol$Http11ConnectionHandler.process(Http11Protocol.java:602)
org.apache.tomcat.util.net.JIoEndpoint$Worker.run(JIoEndpoint.java:489)
java.lang.Thread.run(Thread.java:680)


2013-05-30 09:21:55 	
Can't find bundle for base name languages/lang, locale zh_CN:
java.util.ResourceBundle.throwMissingResourceException(ResourceBundle.java:1427)
java.util.ResourceBundle.getBundleImpl(ResourceBundle.java:1250)
java.util.ResourceBundle.getBundle(ResourceBundle.java:777)
org.tinystruct.system.Resource.<init>(Resource.java:22)
org.tinystruct.system.Resource.getInstance(Resource.java:42)
org.tinystruct.AbstractApplication.predefine(AbstractApplication.java:76)
org.tinystruct.AbstractApplication.init(AbstractApplication.java:98)
org.tinystruct.application.Action.setContext(Action.java:23)
org.tinystruct.system.ApplicationManager.call(ApplicationManager.java:100)
org.tinystruct.system.DefaultHandler.service(DefaultHandler.java:100)
org.tinystruct.system.DefaultHandler.doFilter(DefaultHandler.java:187)
org.apache.catalina.core.ApplicationFilterChain.internalDoFilter(ApplicationFilterChain.java:235)
org.apache.catalina.core.ApplicationFilterChain.doFilter(ApplicationFilterChain.java:206)
org.apache.catalina.core.StandardWrapperValve.invoke(StandardWrapperValve.java:233)
org.apache.catalina.core.StandardContextValve.invoke(StandardContextValve.java:191)
org.apache.catalina.core.StandardHostValve.invoke(StandardHostValve.java:127)
org.apache.catalina.valves.ErrorReportValve.invoke(ErrorReportValve.java:102)
org.apache.catalina.core.StandardEngineValve.invoke(StandardEngineValve.java:109)
org.apache.catalina.connector.CoyoteAdapter.service(CoyoteAdapter.java:293)
org.apache.coyote.http11.Http11Processor.process(Http11Processor.java:859)
org.apache.coyote.http11.Http11Protocol$Http11ConnectionHandler.process(Http11Protocol.java:602)
org.apache.tomcat.util.net.JIoEndpoint$Worker.run(JIoEndpoint.java:489)
java.lang.Thread.run(Thread.java:680)


2013-05-30 09:22:01 	
Can't find bundle for base name languages/lang, locale zh_CN:
java.util.ResourceBundle.throwMissingResourceException(ResourceBundle.java:1427)
java.util.ResourceBundle.getBundleImpl(ResourceBundle.java:1250)
java.util.ResourceBundle.getBundle(ResourceBundle.java:777)
org.tinystruct.system.Resource.<init>(Resource.java:22)
org.tinystruct.system.Resource.getInstance(Resource.java:42)
org.tinystruct.AbstractApplication.predefine(AbstractApplication.java:76)
org.tinystruct.AbstractApplication.init(AbstractApplication.java:98)
org.tinystruct.application.Action.setContext(Action.java:23)
org.tinystruct.system.ApplicationManager.call(ApplicationManager.java:100)
org.tinystruct.system.DefaultHandler.service(DefaultHandler.java:100)
org.tinystruct.system.DefaultHandler.doFilter(DefaultHandler.java:187)
org.apache.catalina.core.ApplicationFilterChain.internalDoFilter(ApplicationFilterChain.java:235)
org.apache.catalina.core.ApplicationFilterChain.doFilter(ApplicationFilterChain.java:206)
org.apache.catalina.core.StandardWrapperValve.invoke(StandardWrapperValve.java:233)
org.apache.catalina.core.StandardContextValve.invoke(StandardContextValve.java:191)
org.apache.catalina.core.StandardHostValve.invoke(StandardHostValve.java:127)
org.apache.catalina.valves.ErrorReportValve.invoke(ErrorReportValve.java:102)
org.apache.catalina.core.StandardEngineValve.invoke(StandardEngineValve.java:109)
org.apache.catalina.connector.CoyoteAdapter.service(CoyoteAdapter.java:293)
org.apache.coyote.http11.Http11Processor.process(Http11Processor.java:859)
org.apache.coyote.http11.Http11Protocol$Http11ConnectionHandler.process(Http11Protocol.java:602)
org.apache.tomcat.util.net.JIoEndpoint$Worker.run(JIoEndpoint.java:489)
java.lang.Thread.run(Thread.java:680)


2013-05-30 09:22:13 	
Can't find bundle for base name languages/lang, locale zh_CN:
java.util.ResourceBundle.throwMissingResourceException(ResourceBundle.java:1427)
java.util.ResourceBundle.getBundleImpl(ResourceBundle.java:1250)
java.util.ResourceBundle.getBundle(ResourceBundle.java:777)
org.tinystruct.system.Resource.<init>(Resource.java:22)
org.tinystruct.system.Resource.getInstance(Resource.java:42)
org.tinystruct.AbstractApplication.predefine(AbstractApplication.java:76)
org.tinystruct.AbstractApplication.init(AbstractApplication.java:98)
org.tinystruct.application.Action.setContext(Action.java:23)
org.tinystruct.system.ApplicationManager.call(ApplicationManager.java:100)
org.tinystruct.system.DefaultHandler.service(DefaultHandler.java:100)
org.tinystruct.system.DefaultHandler.doFilter(DefaultHandler.java:187)
org.apache.catalina.core.ApplicationFilterChain.internalDoFilter(ApplicationFilterChain.java:235)
org.apache.catalina.core.ApplicationFilterChain.doFilter(ApplicationFilterChain.java:206)
org.apache.catalina.core.StandardWrapperValve.invoke(StandardWrapperValve.java:233)
org.apache.catalina.core.StandardContextValve.invoke(StandardContextValve.java:191)
org.apache.catalina.core.StandardHostValve.invoke(StandardHostValve.java:127)
org.apache.catalina.valves.ErrorReportValve.invoke(ErrorReportValve.java:102)
org.apache.catalina.core.StandardEngineValve.invoke(StandardEngineValve.java:109)
org.apache.catalina.connector.CoyoteAdapter.service(CoyoteAdapter.java:293)
org.apache.coyote.http11.Http11Processor.process(Http11Processor.java:859)
org.apache.coyote.http11.Http11Protocol$Http11ConnectionHandler.process(Http11Protocol.java:602)
org.apache.tomcat.util.net.JIoEndpoint$Worker.run(JIoEndpoint.java:489)
java.lang.Thread.run(Thread.java:680)


2013-05-30 09:22:15 	
Can't find bundle for base name languages/lang, locale zh_CN:
java.util.ResourceBundle.throwMissingResourceException(ResourceBundle.java:1427)
java.util.ResourceBundle.getBundleImpl(ResourceBundle.java:1250)
java.util.ResourceBundle.getBundle(ResourceBundle.java:777)
org.tinystruct.system.Resource.<init>(Resource.java:22)
org.tinystruct.system.Resource.getInstance(Resource.java:42)
org.tinystruct.AbstractApplication.predefine(AbstractApplication.java:76)
org.tinystruct.AbstractApplication.init(AbstractApplication.java:98)
org.tinystruct.application.Action.setContext(Action.java:23)
org.tinystruct.system.ApplicationManager.call(ApplicationManager.java:100)
org.tinystruct.system.DefaultHandler.service(DefaultHandler.java:100)
org.tinystruct.system.DefaultHandler.doFilter(DefaultHandler.java:187)
org.apache.catalina.core.ApplicationFilterChain.internalDoFilter(ApplicationFilterChain.java:235)
org.apache.catalina.core.ApplicationFilterChain.doFilter(ApplicationFilterChain.java:206)
org.apache.catalina.core.StandardWrapperValve.invoke(StandardWrapperValve.java:233)
org.apache.catalina.core.StandardContextValve.invoke(StandardContextValve.java:191)
org.apache.catalina.core.StandardHostValve.invoke(StandardHostValve.java:127)
org.apache.catalina.valves.ErrorReportValve.invoke(ErrorReportValve.java:102)
org.apache.catalina.core.StandardEngineValve.invoke(StandardEngineValve.java:109)
org.apache.catalina.connector.CoyoteAdapter.service(CoyoteAdapter.java:293)
org.apache.coyote.http11.Http11Processor.process(Http11Processor.java:859)
org.apache.coyote.http11.Http11Protocol$Http11ConnectionHandler.process(Http11Protocol.java:602)
org.apache.tomcat.util.net.JIoEndpoint$Worker.run(JIoEndpoint.java:489)
java.lang.Thread.run(Thread.java:680)


2013-05-30 09:22:29 	
Can't find bundle for base name languages/lang, locale zh_CN:
java.util.ResourceBundle.throwMissingResourceException(ResourceBundle.java:1427)
java.util.ResourceBundle.getBundleImpl(ResourceBundle.java:1250)
java.util.ResourceBundle.getBundle(ResourceBundle.java:777)
org.tinystruct.system.Resource.<init>(Resource.java:22)
org.tinystruct.system.Resource.getInstance(Resource.java:42)
org.tinystruct.AbstractApplication.predefine(AbstractApplication.java:76)
org.tinystruct.AbstractApplication.init(AbstractApplication.java:98)
org.tinystruct.application.Action.setContext(Action.java:23)
org.tinystruct.system.ApplicationManager.call(ApplicationManager.java:100)
org.tinystruct.system.DefaultHandler.service(DefaultHandler.java:100)
org.tinystruct.system.DefaultHandler.doFilter(DefaultHandler.java:187)
org.apache.catalina.core.ApplicationFilterChain.internalDoFilter(ApplicationFilterChain.java:235)
org.apache.catalina.core.ApplicationFilterChain.doFilter(ApplicationFilterChain.java:206)
org.apache.catalina.core.StandardWrapperValve.invoke(StandardWrapperValve.java:233)
org.apache.catalina.core.StandardContextValve.invoke(StandardContextValve.java:191)
org.apache.catalina.core.StandardHostValve.invoke(StandardHostValve.java:127)
org.apache.catalina.valves.ErrorReportValve.invoke(ErrorReportValve.java:102)
org.apache.catalina.core.StandardEngineValve.invoke(StandardEngineValve.java:109)
org.apache.catalina.connector.CoyoteAdapter.service(CoyoteAdapter.java:293)
org.apache.coyote.http11.Http11Processor.process(Http11Processor.java:859)
org.apache.coyote.http11.Http11Protocol$Http11ConnectionHandler.process(Http11Protocol.java:602)
org.apache.tomcat.util.net.JIoEndpoint$Worker.run(JIoEndpoint.java:489)
java.lang.Thread.run(Thread.java:680)


2013-05-30 09:22:36 	
Can't find bundle for base name languages/lang, locale zh_CN:
java.util.ResourceBundle.throwMissingResourceException(ResourceBundle.java:1427)
java.util.ResourceBundle.getBundleImpl(ResourceBundle.java:1250)
java.util.ResourceBundle.getBundle(ResourceBundle.java:777)
org.tinystruct.system.Resource.<init>(Resource.java:22)
org.tinystruct.system.Resource.getInstance(Resource.java:42)
org.tinystruct.AbstractApplication.predefine(AbstractApplication.java:76)
org.tinystruct.AbstractApplication.init(AbstractApplication.java:98)
org.tinystruct.application.Action.setContext(Action.java:23)
org.tinystruct.system.ApplicationManager.call(ApplicationManager.java:100)
org.tinystruct.system.DefaultHandler.service(DefaultHandler.java:100)
org.tinystruct.system.DefaultHandler.doFilter(DefaultHandler.java:187)
org.apache.catalina.core.ApplicationFilterChain.internalDoFilter(ApplicationFilterChain.java:235)
org.apache.catalina.core.ApplicationFilterChain.doFilter(ApplicationFilterChain.java:206)
org.apache.catalina.core.StandardWrapperValve.invoke(StandardWrapperValve.java:233)
org.apache.catalina.core.StandardContextValve.invoke(StandardContextValve.java:191)
org.apache.catalina.core.StandardHostValve.invoke(StandardHostValve.java:127)
org.apache.catalina.valves.ErrorReportValve.invoke(ErrorReportValve.java:102)
org.apache.catalina.core.StandardEngineValve.invoke(StandardEngineValve.java:109)
org.apache.catalina.connector.CoyoteAdapter.service(CoyoteAdapter.java:293)
org.apache.coyote.http11.Http11Processor.process(Http11Processor.java:859)
org.apache.coyote.http11.Http11Protocol$Http11ConnectionHandler.process(Http11Protocol.java:602)
org.apache.tomcat.util.net.JIoEndpoint$Worker.run(JIoEndpoint.java:489)
java.lang.Thread.run(Thread.java:680)


2013-05-30 09:23:03 	
Can't find bundle for base name languages/lang, locale zh_CN:
java.util.ResourceBundle.throwMissingResourceException(ResourceBundle.java:1427)
java.util.ResourceBundle.getBundleImpl(ResourceBundle.java:1250)
java.util.ResourceBundle.getBundle(ResourceBundle.java:777)
org.tinystruct.system.Resource.<init>(Resource.java:22)
org.tinystruct.system.Resource.getInstance(Resource.java:42)
org.tinystruct.AbstractApplication.predefine(AbstractApplication.java:76)
org.tinystruct.AbstractApplication.init(AbstractApplication.java:98)
org.tinystruct.application.Action.setContext(Action.java:23)
org.tinystruct.system.ApplicationManager.call(ApplicationManager.java:100)
org.tinystruct.system.DefaultHandler.service(DefaultHandler.java:100)
org.tinystruct.system.DefaultHandler.doFilter(DefaultHandler.java:187)
org.apache.catalina.core.ApplicationFilterChain.internalDoFilter(ApplicationFilterChain.java:235)
org.apache.catalina.core.ApplicationFilterChain.doFilter(ApplicationFilterChain.java:206)
org.apache.catalina.core.StandardWrapperValve.invoke(StandardWrapperValve.java:233)
org.apache.catalina.core.StandardContextValve.invoke(StandardContextValve.java:191)
org.apache.catalina.core.StandardHostValve.invoke(StandardHostValve.java:127)
org.apache.catalina.valves.ErrorReportValve.invoke(ErrorReportValve.java:102)
org.apache.catalina.core.StandardEngineValve.invoke(StandardEngineValve.java:109)
org.apache.catalina.connector.CoyoteAdapter.service(CoyoteAdapter.java:293)
org.apache.coyote.http11.Http11Processor.process(Http11Processor.java:859)
org.apache.coyote.http11.Http11Protocol$Http11ConnectionHandler.process(Http11Protocol.java:602)
org.apache.tomcat.util.net.JIoEndpoint$Worker.run(JIoEndpoint.java:489)
java.lang.Thread.run(Thread.java:680)


2013-05-30 09:23:09 	
Can't find bundle for base name languages/lang, locale zh_CN:
java.util.ResourceBundle.throwMissingResourceException(ResourceBundle.java:1427)
java.util.ResourceBundle.getBundleImpl(ResourceBundle.java:1250)
java.util.ResourceBundle.getBundle(ResourceBundle.java:777)
org.tinystruct.system.Resource.<init>(Resource.java:22)
org.tinystruct.system.Resource.getInstance(Resource.java:42)
org.tinystruct.AbstractApplication.predefine(AbstractApplication.java:76)
org.tinystruct.AbstractApplication.init(AbstractApplication.java:98)
org.tinystruct.application.Action.setContext(Action.java:23)
org.tinystruct.system.ApplicationManager.call(ApplicationManager.java:100)
org.tinystruct.system.DefaultHandler.service(DefaultHandler.java:100)
org.tinystruct.system.DefaultHandler.doFilter(DefaultHandler.java:187)
org.apache.catalina.core.ApplicationFilterChain.internalDoFilter(ApplicationFilterChain.java:235)
org.apache.catalina.core.ApplicationFilterChain.doFilter(ApplicationFilterChain.java:206)
org.apache.catalina.core.StandardWrapperValve.invoke(StandardWrapperValve.java:233)
org.apache.catalina.core.StandardContextValve.invoke(StandardContextValve.java:191)
org.apache.catalina.core.StandardHostValve.invoke(StandardHostValve.java:127)
org.apache.catalina.valves.ErrorReportValve.invoke(ErrorReportValve.java:102)
org.apache.catalina.core.StandardEngineValve.invoke(StandardEngineValve.java:109)
org.apache.catalina.connector.CoyoteAdapter.service(CoyoteAdapter.java:293)
org.apache.coyote.http11.Http11Processor.process(Http11Processor.java:859)
org.apache.coyote.http11.Http11Protocol$Http11ConnectionHandler.process(Http11Protocol.java:602)
org.apache.tomcat.util.net.JIoEndpoint$Worker.run(JIoEndpoint.java:489)
java.lang.Thread.run(Thread.java:680)


2013-05-30 09:23:25 	
Can't find bundle for base name languages/lang, locale zh_CN:
java.util.ResourceBundle.throwMissingResourceException(ResourceBundle.java:1427)
java.util.ResourceBundle.getBundleImpl(ResourceBundle.java:1250)
java.util.ResourceBundle.getBundle(ResourceBundle.java:777)
org.tinystruct.system.Resource.<init>(Resource.java:22)
org.tinystruct.system.Resource.getInstance(Resource.java:42)
org.tinystruct.AbstractApplication.predefine(AbstractApplication.java:76)
org.tinystruct.AbstractApplication.init(AbstractApplication.java:98)
org.tinystruct.application.Action.setContext(Action.java:23)
org.tinystruct.system.ApplicationManager.call(ApplicationManager.java:100)
org.tinystruct.system.DefaultHandler.service(DefaultHandler.java:100)
org.tinystruct.system.DefaultHandler.doFilter(DefaultHandler.java:187)
org.apache.catalina.core.ApplicationFilterChain.internalDoFilter(ApplicationFilterChain.java:235)
org.apache.catalina.core.ApplicationFilterChain.doFilter(ApplicationFilterChain.java:206)
org.apache.catalina.core.StandardWrapperValve.invoke(StandardWrapperValve.java:233)
org.apache.catalina.core.StandardContextValve.invoke(StandardContextValve.java:191)
org.apache.catalina.core.StandardHostValve.invoke(StandardHostValve.java:127)
org.apache.catalina.valves.ErrorReportValve.invoke(ErrorReportValve.java:102)
org.apache.catalina.core.StandardEngineValve.invoke(StandardEngineValve.java:109)
org.apache.catalina.connector.CoyoteAdapter.service(CoyoteAdapter.java:293)
org.apache.coyote.http11.Http11Processor.process(Http11Processor.java:859)
org.apache.coyote.http11.Http11Protocol$Http11ConnectionHandler.process(Http11Protocol.java:602)
org.apache.tomcat.util.net.JIoEndpoint$Worker.run(JIoEndpoint.java:489)
java.lang.Thread.run(Thread.java:680)


2013-05-30 09:23:34 	
Can't find bundle for base name languages/lang, locale zh_CN:
java.util.ResourceBundle.throwMissingResourceException(ResourceBundle.java:1427)
java.util.ResourceBundle.getBundleImpl(ResourceBundle.java:1250)
java.util.ResourceBundle.getBundle(ResourceBundle.java:777)
org.tinystruct.system.Resource.<init>(Resource.java:22)
org.tinystruct.system.Resource.getInstance(Resource.java:42)
org.tinystruct.AbstractApplication.predefine(AbstractApplication.java:76)
org.tinystruct.AbstractApplication.init(AbstractApplication.java:98)
org.tinystruct.application.Action.setContext(Action.java:23)
org.tinystruct.system.ApplicationManager.call(ApplicationManager.java:100)
org.tinystruct.system.DefaultHandler.service(DefaultHandler.java:100)
org.tinystruct.system.DefaultHandler.doFilter(DefaultHandler.java:187)
org.apache.catalina.core.ApplicationFilterChain.internalDoFilter(ApplicationFilterChain.java:235)
org.apache.catalina.core.ApplicationFilterChain.doFilter(ApplicationFilterChain.java:206)
org.apache.catalina.core.StandardWrapperValve.invoke(StandardWrapperValve.java:233)
org.apache.catalina.core.StandardContextValve.invoke(StandardContextValve.java:191)
org.apache.catalina.core.StandardHostValve.invoke(StandardHostValve.java:127)
org.apache.catalina.valves.ErrorReportValve.invoke(ErrorReportValve.java:102)
org.apache.catalina.core.StandardEngineValve.invoke(StandardEngineValve.java:109)
org.apache.catalina.connector.CoyoteAdapter.service(CoyoteAdapter.java:293)
org.apache.coyote.http11.Http11Processor.process(Http11Processor.java:859)
org.apache.coyote.http11.Http11Protocol$Http11ConnectionHandler.process(Http11Protocol.java:602)
org.apache.tomcat.util.net.JIoEndpoint$Worker.run(JIoEndpoint.java:489)
java.lang.Thread.run(Thread.java:680)


2013-05-30 09:23:34 	
Can't find bundle for base name languages/lang, locale zh_CN:
java.util.ResourceBundle.throwMissingResourceException(ResourceBundle.java:1427)
java.util.ResourceBundle.getBundleImpl(ResourceBundle.java:1250)
java.util.ResourceBundle.getBundle(ResourceBundle.java:777)
org.tinystruct.system.Resource.<init>(Resource.java:22)
org.tinystruct.system.Resource.getInstance(Resource.java:42)
org.tinystruct.AbstractApplication.predefine(AbstractApplication.java:76)
org.tinystruct.AbstractApplication.init(AbstractApplication.java:98)
org.tinystruct.application.Action.setContext(Action.java:23)
org.tinystruct.system.ApplicationManager.call(ApplicationManager.java:100)
org.tinystruct.system.DefaultHandler.service(DefaultHandler.java:100)
org.tinystruct.system.DefaultHandler.doFilter(DefaultHandler.java:187)
org.apache.catalina.core.ApplicationFilterChain.internalDoFilter(ApplicationFilterChain.java:235)
org.apache.catalina.core.ApplicationFilterChain.doFilter(ApplicationFilterChain.java:206)
org.apache.catalina.core.StandardWrapperValve.invoke(StandardWrapperValve.java:233)
org.apache.catalina.core.StandardContextValve.invoke(StandardContextValve.java:191)
org.apache.catalina.core.StandardHostValve.invoke(StandardHostValve.java:127)
org.apache.catalina.valves.ErrorReportValve.invoke(ErrorReportValve.java:102)
org.apache.catalina.core.StandardEngineValve.invoke(StandardEngineValve.java:109)
org.apache.catalina.connector.CoyoteAdapter.service(CoyoteAdapter.java:293)
org.apache.coyote.http11.Http11Processor.process(Http11Processor.java:859)
org.apache.coyote.http11.Http11Protocol$Http11ConnectionHandler.process(Http11Protocol.java:602)
org.apache.tomcat.util.net.JIoEndpoint$Worker.run(JIoEndpoint.java:489)
java.lang.Thread.run(Thread.java:680)


2013-05-30 09:23:52 	
Can't find bundle for base name languages/lang, locale zh_CN:
java.util.ResourceBundle.throwMissingResourceException(ResourceBundle.java:1427)
java.util.ResourceBundle.getBundleImpl(ResourceBundle.java:1250)
java.util.ResourceBundle.getBundle(ResourceBundle.java:777)
org.tinystruct.system.Resource.<init>(Resource.java:22)
org.tinystruct.system.Resource.getInstance(Resource.java:42)
org.tinystruct.AbstractApplication.predefine(AbstractApplication.java:76)
org.tinystruct.AbstractApplication.init(AbstractApplication.java:98)
org.tinystruct.application.Action.setContext(Action.java:23)
org.tinystruct.system.ApplicationManager.call(ApplicationManager.java:100)
org.tinystruct.system.DefaultHandler.service(DefaultHandler.java:100)
org.tinystruct.system.DefaultHandler.doFilter(DefaultHandler.java:187)
org.apache.catalina.core.ApplicationFilterChain.internalDoFilter(ApplicationFilterChain.java:235)
org.apache.catalina.core.ApplicationFilterChain.doFilter(ApplicationFilterChain.java:206)
org.apache.catalina.core.StandardWrapperValve.invoke(StandardWrapperValve.java:233)
org.apache.catalina.core.StandardContextValve.invoke(StandardContextValve.java:191)
org.apache.catalina.core.StandardHostValve.invoke(StandardHostValve.java:127)
org.apache.catalina.valves.ErrorReportValve.invoke(ErrorReportValve.java:102)
org.apache.catalina.core.StandardEngineValve.invoke(StandardEngineValve.java:109)
org.apache.catalina.connector.CoyoteAdapter.service(CoyoteAdapter.java:293)
org.apache.coyote.http11.Http11Processor.process(Http11Processor.java:859)
org.apache.coyote.http11.Http11Protocol$Http11ConnectionHandler.process(Http11Protocol.java:602)
org.apache.tomcat.util.net.JIoEndpoint$Worker.run(JIoEndpoint.java:489)
java.lang.Thread.run(Thread.java:680)


2013-05-30 09:24:35 	
Can't find bundle for base name languages/lang, locale zh_CN:
java.util.ResourceBundle.throwMissingResourceException(ResourceBundle.java:1427)
java.util.ResourceBundle.getBundleImpl(ResourceBundle.java:1250)
java.util.ResourceBundle.getBundle(ResourceBundle.java:777)
org.tinystruct.system.Resource.<init>(Resource.java:22)
org.tinystruct.system.Resource.getInstance(Resource.java:42)
org.tinystruct.AbstractApplication.predefine(AbstractApplication.java:76)
org.tinystruct.AbstractApplication.init(AbstractApplication.java:98)
org.tinystruct.application.Action.setContext(Action.java:23)
org.tinystruct.system.ApplicationManager.call(ApplicationManager.java:100)
org.tinystruct.system.DefaultHandler.service(DefaultHandler.java:100)
org.tinystruct.system.DefaultHandler.doFilter(DefaultHandler.java:187)
org.apache.catalina.core.ApplicationFilterChain.internalDoFilter(ApplicationFilterChain.java:235)
org.apache.catalina.core.ApplicationFilterChain.doFilter(ApplicationFilterChain.java:206)
org.apache.catalina.core.StandardWrapperValve.invoke(StandardWrapperValve.java:233)
org.apache.catalina.core.StandardContextValve.invoke(StandardContextValve.java:191)
org.apache.catalina.core.StandardHostValve.invoke(StandardHostValve.java:127)
org.apache.catalina.valves.ErrorReportValve.invoke(ErrorReportValve.java:102)
org.apache.catalina.core.StandardEngineValve.invoke(StandardEngineValve.java:109)
org.apache.catalina.connector.CoyoteAdapter.service(CoyoteAdapter.java:293)
org.apache.coyote.http11.Http11Processor.process(Http11Processor.java:859)
org.apache.coyote.http11.Http11Protocol$Http11ConnectionHandler.process(Http11Protocol.java:602)
org.apache.tomcat.util.net.JIoEndpoint$Worker.run(JIoEndpoint.java:489)
java.lang.Thread.run(Thread.java:680)


2013-05-30 09:24:50 	
Can't find bundle for base name languages/lang, locale zh_CN:
java.util.ResourceBundle.throwMissingResourceException(ResourceBundle.java:1427)
java.util.ResourceBundle.getBundleImpl(ResourceBundle.java:1250)
java.util.ResourceBundle.getBundle(ResourceBundle.java:777)
org.tinystruct.system.Resource.<init>(Resource.java:22)
org.tinystruct.system.Resource.getInstance(Resource.java:42)
org.tinystruct.AbstractApplication.predefine(AbstractApplication.java:76)
org.tinystruct.AbstractApplication.init(AbstractApplication.java:98)
org.tinystruct.application.Action.setContext(Action.java:23)
org.tinystruct.system.ApplicationManager.call(ApplicationManager.java:100)
org.tinystruct.system.DefaultHandler.service(DefaultHandler.java:100)
org.tinystruct.system.DefaultHandler.doFilter(DefaultHandler.java:187)
org.apache.catalina.core.ApplicationFilterChain.internalDoFilter(ApplicationFilterChain.java:235)
org.apache.catalina.core.ApplicationFilterChain.doFilter(ApplicationFilterChain.java:206)
org.apache.catalina.core.StandardWrapperValve.invoke(StandardWrapperValve.java:233)
org.apache.catalina.core.StandardContextValve.invoke(StandardContextValve.java:191)
org.apache.catalina.core.StandardHostValve.invoke(StandardHostValve.java:127)
org.apache.catalina.valves.ErrorReportValve.invoke(ErrorReportValve.java:102)
org.apache.catalina.core.StandardEngineValve.invoke(StandardEngineValve.java:109)
org.apache.catalina.connector.CoyoteAdapter.service(CoyoteAdapter.java:293)
org.apache.coyote.http11.Http11Processor.process(Http11Processor.java:859)
org.apache.coyote.http11.Http11Protocol$Http11ConnectionHandler.process(Http11Protocol.java:602)
org.apache.tomcat.util.net.JIoEndpoint$Worker.run(JIoEndpoint.java:489)
java.lang.Thread.run(Thread.java:680)


2013-05-30 09:25:00 	
Can't find bundle for base name languages/lang, locale zh_CN:
java.util.ResourceBundle.throwMissingResourceException(ResourceBundle.java:1427)
java.util.ResourceBundle.getBundleImpl(ResourceBundle.java:1250)
java.util.ResourceBundle.getBundle(ResourceBundle.java:777)
org.tinystruct.system.Resource.<init>(Resource.java:22)
org.tinystruct.system.Resource.getInstance(Resource.java:42)
org.tinystruct.AbstractApplication.predefine(AbstractApplication.java:76)
org.tinystruct.AbstractApplication.init(AbstractApplication.java:98)
org.tinystruct.application.Action.setContext(Action.java:23)
org.tinystruct.system.ApplicationManager.call(ApplicationManager.java:100)
org.tinystruct.system.DefaultHandler.service(DefaultHandler.java:100)
org.tinystruct.system.DefaultHandler.doFilter(DefaultHandler.java:187)
org.apache.catalina.core.ApplicationFilterChain.internalDoFilter(ApplicationFilterChain.java:235)
org.apache.catalina.core.ApplicationFilterChain.doFilter(ApplicationFilterChain.java:206)
org.apache.catalina.core.StandardWrapperValve.invoke(StandardWrapperValve.java:233)
org.apache.catalina.core.StandardContextValve.invoke(StandardContextValve.java:191)
org.apache.catalina.core.StandardHostValve.invoke(StandardHostValve.java:127)
org.apache.catalina.valves.ErrorReportValve.invoke(ErrorReportValve.java:102)
org.apache.catalina.core.StandardEngineValve.invoke(StandardEngineValve.java:109)
org.apache.catalina.connector.CoyoteAdapter.service(CoyoteAdapter.java:293)
org.apache.coyote.http11.Http11Processor.process(Http11Processor.java:859)
org.apache.coyote.http11.Http11Protocol$Http11ConnectionHandler.process(Http11Protocol.java:602)
org.apache.tomcat.util.net.JIoEndpoint$Worker.run(JIoEndpoint.java:489)
java.lang.Thread.run(Thread.java:680)


2013-05-30 09:25:16 	
Can't find bundle for base name languages/lang, locale zh_CN:
java.util.ResourceBundle.throwMissingResourceException(ResourceBundle.java:1427)
java.util.ResourceBundle.getBundleImpl(ResourceBundle.java:1250)
java.util.ResourceBundle.getBundle(ResourceBundle.java:777)
org.tinystruct.system.Resource.<init>(Resource.java:22)
org.tinystruct.system.Resource.getInstance(Resource.java:42)
org.tinystruct.AbstractApplication.predefine(AbstractApplication.java:76)
org.tinystruct.AbstractApplication.init(AbstractApplication.java:98)
org.tinystruct.application.Action.setContext(Action.java:23)
org.tinystruct.system.ApplicationManager.call(ApplicationManager.java:100)
org.tinystruct.system.DefaultHandler.service(DefaultHandler.java:100)
org.tinystruct.system.DefaultHandler.doFilter(DefaultHandler.java:187)
org.apache.catalina.core.ApplicationFilterChain.internalDoFilter(ApplicationFilterChain.java:235)
org.apache.catalina.core.ApplicationFilterChain.doFilter(ApplicationFilterChain.java:206)
org.apache.catalina.core.StandardWrapperValve.invoke(StandardWrapperValve.java:233)
org.apache.catalina.core.StandardContextValve.invoke(StandardContextValve.java:191)
org.apache.catalina.core.StandardHostValve.invoke(StandardHostValve.java:127)
org.apache.catalina.valves.ErrorReportValve.invoke(ErrorReportValve.java:102)
org.apache.catalina.core.StandardEngineValve.invoke(StandardEngineValve.java:109)
org.apache.catalina.connector.CoyoteAdapter.service(CoyoteAdapter.java:293)
org.apache.coyote.http11.Http11Processor.process(Http11Processor.java:859)
org.apache.coyote.http11.Http11Protocol$Http11ConnectionHandler.process(Http11Protocol.java:602)
org.apache.tomcat.util.net.JIoEndpoint$Worker.run(JIoEndpoint.java:489)
java.lang.Thread.run(Thread.java:680)


2013-05-30 09:25:29 	
Can't find bundle for base name languages/lang, locale zh_CN:
java.util.ResourceBundle.throwMissingResourceException(ResourceBundle.java:1427)
java.util.ResourceBundle.getBundleImpl(ResourceBundle.java:1250)
java.util.ResourceBundle.getBundle(ResourceBundle.java:777)
org.tinystruct.system.Resource.<init>(Resource.java:22)
org.tinystruct.system.Resource.getInstance(Resource.java:42)
org.tinystruct.AbstractApplication.predefine(AbstractApplication.java:76)
org.tinystruct.AbstractApplication.init(AbstractApplication.java:98)
org.tinystruct.application.Action.setContext(Action.java:23)
org.tinystruct.system.ApplicationManager.call(ApplicationManager.java:100)
org.tinystruct.system.DefaultHandler.service(DefaultHandler.java:100)
org.tinystruct.system.DefaultHandler.doFilter(DefaultHandler.java:187)
org.apache.catalina.core.ApplicationFilterChain.internalDoFilter(ApplicationFilterChain.java:235)
org.apache.catalina.core.ApplicationFilterChain.doFilter(ApplicationFilterChain.java:206)
org.apache.catalina.core.StandardWrapperValve.invoke(StandardWrapperValve.java:233)
org.apache.catalina.core.StandardContextValve.invoke(StandardContextValve.java:191)
org.apache.catalina.core.StandardHostValve.invoke(StandardHostValve.java:127)
org.apache.catalina.valves.ErrorReportValve.invoke(ErrorReportValve.java:102)
org.apache.catalina.core.StandardEngineValve.invoke(StandardEngineValve.java:109)
org.apache.catalina.connector.CoyoteAdapter.service(CoyoteAdapter.java:293)
org.apache.coyote.http11.Http11Processor.process(Http11Processor.java:859)
org.apache.coyote.http11.Http11Protocol$Http11ConnectionHandler.process(Http11Protocol.java:602)
org.apache.tomcat.util.net.JIoEndpoint$Worker.run(JIoEndpoint.java:489)
java.lang.Thread.run(Thread.java:680)


2013-05-30 09:25:34 	
Can't find bundle for base name languages/lang, locale zh_CN:
java.util.ResourceBundle.throwMissingResourceException(ResourceBundle.java:1427)
java.util.ResourceBundle.getBundleImpl(ResourceBundle.java:1250)
java.util.ResourceBundle.getBundle(ResourceBundle.java:777)
org.tinystruct.system.Resource.<init>(Resource.java:22)
org.tinystruct.system.Resource.getInstance(Resource.java:42)
org.tinystruct.AbstractApplication.predefine(AbstractApplication.java:76)
org.tinystruct.AbstractApplication.init(AbstractApplication.java:98)
org.tinystruct.application.Action.setContext(Action.java:23)
org.tinystruct.system.ApplicationManager.call(ApplicationManager.java:100)
org.tinystruct.system.DefaultHandler.service(DefaultHandler.java:100)
org.tinystruct.system.DefaultHandler.doFilter(DefaultHandler.java:187)
org.apache.catalina.core.ApplicationFilterChain.internalDoFilter(ApplicationFilterChain.java:235)
org.apache.catalina.core.ApplicationFilterChain.doFilter(ApplicationFilterChain.java:206)
org.apache.catalina.core.StandardWrapperValve.invoke(StandardWrapperValve.java:233)
org.apache.catalina.core.StandardContextValve.invoke(StandardContextValve.java:191)
org.apache.catalina.core.StandardHostValve.invoke(StandardHostValve.java:127)
org.apache.catalina.valves.ErrorReportValve.invoke(ErrorReportValve.java:102)
org.apache.catalina.core.StandardEngineValve.invoke(StandardEngineValve.java:109)
org.apache.catalina.connector.CoyoteAdapter.service(CoyoteAdapter.java:293)
org.apache.coyote.http11.Http11Processor.process(Http11Processor.java:859)
org.apache.coyote.http11.Http11Protocol$Http11ConnectionHandler.process(Http11Protocol.java:602)
org.apache.tomcat.util.net.JIoEndpoint$Worker.run(JIoEndpoint.java:489)
java.lang.Thread.run(Thread.java:680)


2013-05-30 09:25:51 	
Can't find bundle for base name languages/lang, locale zh_CN:
java.util.ResourceBundle.throwMissingResourceException(ResourceBundle.java:1427)
java.util.ResourceBundle.getBundleImpl(ResourceBundle.java:1250)
java.util.ResourceBundle.getBundle(ResourceBundle.java:777)
org.tinystruct.system.Resource.<init>(Resource.java:22)
org.tinystruct.system.Resource.getInstance(Resource.java:42)
org.tinystruct.AbstractApplication.predefine(AbstractApplication.java:76)
org.tinystruct.AbstractApplication.init(AbstractApplication.java:98)
org.tinystruct.application.Action.setContext(Action.java:23)
org.tinystruct.system.ApplicationManager.call(ApplicationManager.java:100)
org.tinystruct.system.DefaultHandler.service(DefaultHandler.java:100)
org.tinystruct.system.DefaultHandler.doFilter(DefaultHandler.java:187)
org.apache.catalina.core.ApplicationFilterChain.internalDoFilter(ApplicationFilterChain.java:235)
org.apache.catalina.core.ApplicationFilterChain.doFilter(ApplicationFilterChain.java:206)
org.apache.catalina.core.StandardWrapperValve.invoke(StandardWrapperValve.java:233)
org.apache.catalina.core.StandardContextValve.invoke(StandardContextValve.java:191)
org.apache.catalina.core.StandardHostValve.invoke(StandardHostValve.java:127)
org.apache.catalina.valves.ErrorReportValve.invoke(ErrorReportValve.java:102)
org.apache.catalina.core.StandardEngineValve.invoke(StandardEngineValve.java:109)
org.apache.catalina.connector.CoyoteAdapter.service(CoyoteAdapter.java:293)
org.apache.coyote.http11.Http11Processor.process(Http11Processor.java:859)
org.apache.coyote.http11.Http11Protocol$Http11ConnectionHandler.process(Http11Protocol.java:602)
org.apache.tomcat.util.net.JIoEndpoint$Worker.run(JIoEndpoint.java:489)
java.lang.Thread.run(Thread.java:680)


2013-05-30 09:26:21 	
Can't find bundle for base name languages/lang, locale zh_CN:
java.util.ResourceBundle.throwMissingResourceException(ResourceBundle.java:1427)
java.util.ResourceBundle.getBundleImpl(ResourceBundle.java:1250)
java.util.ResourceBundle.getBundle(ResourceBundle.java:777)
org.tinystruct.system.Resource.<init>(Resource.java:22)
org.tinystruct.system.Resource.getInstance(Resource.java:42)
org.tinystruct.AbstractApplication.predefine(AbstractApplication.java:76)
org.tinystruct.AbstractApplication.init(AbstractApplication.java:98)
org.tinystruct.application.Action.setContext(Action.java:23)
org.tinystruct.system.ApplicationManager.call(ApplicationManager.java:100)
org.tinystruct.system.DefaultHandler.service(DefaultHandler.java:100)
org.tinystruct.system.DefaultHandler.doFilter(DefaultHandler.java:187)
org.apache.catalina.core.ApplicationFilterChain.internalDoFilter(ApplicationFilterChain.java:235)
org.apache.catalina.core.ApplicationFilterChain.doFilter(ApplicationFilterChain.java:206)
org.apache.catalina.core.StandardWrapperValve.invoke(StandardWrapperValve.java:233)
org.apache.catalina.core.StandardContextValve.invoke(StandardContextValve.java:191)
org.apache.catalina.core.StandardHostValve.invoke(StandardHostValve.java:127)
org.apache.catalina.valves.ErrorReportValve.invoke(ErrorReportValve.java:102)
org.apache.catalina.core.StandardEngineValve.invoke(StandardEngineValve.java:109)
org.apache.catalina.connector.CoyoteAdapter.service(CoyoteAdapter.java:293)
org.apache.coyote.http11.Http11Processor.process(Http11Processor.java:859)
org.apache.coyote.http11.Http11Protocol$Http11ConnectionHandler.process(Http11Protocol.java:602)
org.apache.tomcat.util.net.JIoEndpoint$Worker.run(JIoEndpoint.java:489)
java.lang.Thread.run(Thread.java:680)


2013-05-30 09:29:48 	
Can't find bundle for base name languages/lang, locale zh_CN:
java.util.ResourceBundle.throwMissingResourceException(ResourceBundle.java:1427)
java.util.ResourceBundle.getBundleImpl(ResourceBundle.java:1250)
java.util.ResourceBundle.getBundle(ResourceBundle.java:777)
org.tinystruct.system.Resource.<init>(Resource.java:22)
org.tinystruct.system.Resource.getInstance(Resource.java:42)
org.tinystruct.AbstractApplication.predefine(AbstractApplication.java:76)
org.tinystruct.AbstractApplication.init(AbstractApplication.java:98)
org.tinystruct.application.Action.setContext(Action.java:23)
org.tinystruct.system.ApplicationManager.call(ApplicationManager.java:100)
org.tinystruct.system.DefaultHandler.service(DefaultHandler.java:100)
org.tinystruct.system.DefaultHandler.doFilter(DefaultHandler.java:187)
org.apache.catalina.core.ApplicationFilterChain.internalDoFilter(ApplicationFilterChain.java:235)
org.apache.catalina.core.ApplicationFilterChain.doFilter(ApplicationFilterChain.java:206)
org.apache.catalina.core.StandardWrapperValve.invoke(StandardWrapperValve.java:233)
org.apache.catalina.core.StandardContextValve.invoke(StandardContextValve.java:191)
org.apache.catalina.core.StandardHostValve.invoke(StandardHostValve.java:127)
org.apache.catalina.valves.ErrorReportValve.invoke(ErrorReportValve.java:102)
org.apache.catalina.core.StandardEngineValve.invoke(StandardEngineValve.java:109)
org.apache.catalina.connector.CoyoteAdapter.service(CoyoteAdapter.java:293)
org.apache.coyote.http11.Http11Processor.process(Http11Processor.java:859)
org.apache.coyote.http11.Http11Protocol$Http11ConnectionHandler.process(Http11Protocol.java:602)
org.apache.tomcat.util.net.JIoEndpoint$Worker.run(JIoEndpoint.java:489)
java.lang.Thread.run(Thread.java:680)


2013-05-30 09:29:49 	
Can't find bundle for base name languages/lang, locale zh_CN:
java.util.ResourceBundle.throwMissingResourceException(ResourceBundle.java:1427)
java.util.ResourceBundle.getBundleImpl(ResourceBundle.java:1250)
java.util.ResourceBundle.getBundle(ResourceBundle.java:777)
org.tinystruct.system.Resource.<init>(Resource.java:22)
org.tinystruct.system.Resource.getInstance(Resource.java:42)
org.tinystruct.AbstractApplication.predefine(AbstractApplication.java:76)
org.tinystruct.AbstractApplication.init(AbstractApplication.java:98)
org.tinystruct.application.Action.setContext(Action.java:23)
org.tinystruct.system.ApplicationManager.call(ApplicationManager.java:100)
org.tinystruct.system.DefaultHandler.service(DefaultHandler.java:100)
org.tinystruct.system.DefaultHandler.doFilter(DefaultHandler.java:187)
org.apache.catalina.core.ApplicationFilterChain.internalDoFilter(ApplicationFilterChain.java:235)
org.apache.catalina.core.ApplicationFilterChain.doFilter(ApplicationFilterChain.java:206)
org.apache.catalina.core.StandardWrapperValve.invoke(StandardWrapperValve.java:233)
org.apache.catalina.core.StandardContextValve.invoke(StandardContextValve.java:191)
org.apache.catalina.core.StandardHostValve.invoke(StandardHostValve.java:127)
org.apache.catalina.valves.ErrorReportValve.invoke(ErrorReportValve.java:102)
org.apache.catalina.core.StandardEngineValve.invoke(StandardEngineValve.java:109)
org.apache.catalina.connector.CoyoteAdapter.service(CoyoteAdapter.java:293)
org.apache.coyote.http11.Http11Processor.process(Http11Processor.java:859)
org.apache.coyote.http11.Http11Protocol$Http11ConnectionHandler.process(Http11Protocol.java:602)
org.apache.tomcat.util.net.JIoEndpoint$Worker.run(JIoEndpoint.java:489)
java.lang.Thread.run(Thread.java:680)


2013-05-30 09:29:53 	
Can't find bundle for base name languages/lang, locale zh_CN:
java.util.ResourceBundle.throwMissingResourceException(ResourceBundle.java:1427)
java.util.ResourceBundle.getBundleImpl(ResourceBundle.java:1250)
java.util.ResourceBundle.getBundle(ResourceBundle.java:777)
org.tinystruct.system.Resource.<init>(Resource.java:22)
org.tinystruct.system.Resource.getInstance(Resource.java:42)
org.tinystruct.AbstractApplication.predefine(AbstractApplication.java:76)
org.tinystruct.AbstractApplication.init(AbstractApplication.java:98)
org.tinystruct.application.Action.setContext(Action.java:23)
org.tinystruct.system.ApplicationManager.call(ApplicationManager.java:100)
org.tinystruct.system.DefaultHandler.service(DefaultHandler.java:100)
org.tinystruct.system.DefaultHandler.doFilter(DefaultHandler.java:187)
org.apache.catalina.core.ApplicationFilterChain.internalDoFilter(ApplicationFilterChain.java:235)
org.apache.catalina.core.ApplicationFilterChain.doFilter(ApplicationFilterChain.java:206)
org.apache.catalina.core.StandardWrapperValve.invoke(StandardWrapperValve.java:233)
org.apache.catalina.core.StandardContextValve.invoke(StandardContextValve.java:191)
org.apache.catalina.core.StandardHostValve.invoke(StandardHostValve.java:127)
org.apache.catalina.valves.ErrorReportValve.invoke(ErrorReportValve.java:102)
org.apache.catalina.core.StandardEngineValve.invoke(StandardEngineValve.java:109)
org.apache.catalina.connector.CoyoteAdapter.service(CoyoteAdapter.java:293)
org.apache.coyote.http11.Http11Processor.process(Http11Processor.java:859)
org.apache.coyote.http11.Http11Protocol$Http11ConnectionHandler.process(Http11Protocol.java:602)
org.apache.tomcat.util.net.JIoEndpoint$Worker.run(JIoEndpoint.java:489)
java.lang.Thread.run(Thread.java:680)


2013-05-30 09:29:55 	
Can't find bundle for base name languages/lang, locale zh_CN:
java.util.ResourceBundle.throwMissingResourceException(ResourceBundle.java:1427)
java.util.ResourceBundle.getBundleImpl(ResourceBundle.java:1250)
java.util.ResourceBundle.getBundle(ResourceBundle.java:777)
org.tinystruct.system.Resource.<init>(Resource.java:22)
org.tinystruct.system.Resource.getInstance(Resource.java:42)
org.tinystruct.AbstractApplication.predefine(AbstractApplication.java:76)
org.tinystruct.AbstractApplication.init(AbstractApplication.java:98)
org.tinystruct.application.Action.setContext(Action.java:23)
org.tinystruct.system.ApplicationManager.call(ApplicationManager.java:100)
org.tinystruct.system.DefaultHandler.service(DefaultHandler.java:100)
org.tinystruct.system.DefaultHandler.doFilter(DefaultHandler.java:187)
org.apache.catalina.core.ApplicationFilterChain.internalDoFilter(ApplicationFilterChain.java:235)
org.apache.catalina.core.ApplicationFilterChain.doFilter(ApplicationFilterChain.java:206)
org.apache.catalina.core.StandardWrapperValve.invoke(StandardWrapperValve.java:233)
org.apache.catalina.core.StandardContextValve.invoke(StandardContextValve.java:191)
org.apache.catalina.core.StandardHostValve.invoke(StandardHostValve.java:127)
org.apache.catalina.valves.ErrorReportValve.invoke(ErrorReportValve.java:102)
org.apache.catalina.core.StandardEngineValve.invoke(StandardEngineValve.java:109)
org.apache.catalina.connector.CoyoteAdapter.service(CoyoteAdapter.java:293)
org.apache.coyote.http11.Http11Processor.process(Http11Processor.java:859)
org.apache.coyote.http11.Http11Protocol$Http11ConnectionHandler.process(Http11Protocol.java:602)
org.apache.tomcat.util.net.JIoEndpoint$Worker.run(JIoEndpoint.java:489)
java.lang.Thread.run(Thread.java:680)


2013-05-30 09:29:55 	
Can't find bundle for base name languages/lang, locale zh_CN:
java.util.ResourceBundle.throwMissingResourceException(ResourceBundle.java:1427)
java.util.ResourceBundle.getBundleImpl(ResourceBundle.java:1250)
java.util.ResourceBundle.getBundle(ResourceBundle.java:777)
org.tinystruct.system.Resource.<init>(Resource.java:22)
org.tinystruct.system.Resource.getInstance(Resource.java:42)
org.tinystruct.AbstractApplication.predefine(AbstractApplication.java:76)
org.tinystruct.AbstractApplication.init(AbstractApplication.java:98)
org.tinystruct.application.Action.setContext(Action.java:23)
org.tinystruct.system.ApplicationManager.call(ApplicationManager.java:100)
org.tinystruct.system.DefaultHandler.service(DefaultHandler.java:100)
org.tinystruct.system.DefaultHandler.doFilter(DefaultHandler.java:187)
org.apache.catalina.core.ApplicationFilterChain.internalDoFilter(ApplicationFilterChain.java:235)
org.apache.catalina.core.ApplicationFilterChain.doFilter(ApplicationFilterChain.java:206)
org.apache.catalina.core.StandardWrapperValve.invoke(StandardWrapperValve.java:233)
org.apache.catalina.core.StandardContextValve.invoke(StandardContextValve.java:191)
org.apache.catalina.core.StandardHostValve.invoke(StandardHostValve.java:127)
org.apache.catalina.valves.ErrorReportValve.invoke(ErrorReportValve.java:102)
org.apache.catalina.core.StandardEngineValve.invoke(StandardEngineValve.java:109)
org.apache.catalina.connector.CoyoteAdapter.service(CoyoteAdapter.java:293)
org.apache.coyote.http11.Http11Processor.process(Http11Processor.java:859)
org.apache.coyote.http11.Http11Protocol$Http11ConnectionHandler.process(Http11Protocol.java:602)
org.apache.tomcat.util.net.JIoEndpoint$Worker.run(JIoEndpoint.java:489)
java.lang.Thread.run(Thread.java:680)


2013-05-30 09:29:55 	
Can't find bundle for base name languages/lang, locale zh_CN:
java.util.ResourceBundle.throwMissingResourceException(ResourceBundle.java:1427)
java.util.ResourceBundle.getBundleImpl(ResourceBundle.java:1250)
java.util.ResourceBundle.getBundle(ResourceBundle.java:777)
org.tinystruct.system.Resource.<init>(Resource.java:22)
org.tinystruct.system.Resource.getInstance(Resource.java:42)
org.tinystruct.AbstractApplication.predefine(AbstractApplication.java:76)
org.tinystruct.AbstractApplication.init(AbstractApplication.java:98)
org.tinystruct.application.Action.setContext(Action.java:23)
org.tinystruct.system.ApplicationManager.call(ApplicationManager.java:100)
org.tinystruct.system.DefaultHandler.service(DefaultHandler.java:100)
org.tinystruct.system.DefaultHandler.doFilter(DefaultHandler.java:187)
org.apache.catalina.core.ApplicationFilterChain.internalDoFilter(ApplicationFilterChain.java:235)
org.apache.catalina.core.ApplicationFilterChain.doFilter(ApplicationFilterChain.java:206)
org.apache.catalina.core.StandardWrapperValve.invoke(StandardWrapperValve.java:233)
org.apache.catalina.core.StandardContextValve.invoke(StandardContextValve.java:191)
org.apache.catalina.core.StandardHostValve.invoke(StandardHostValve.java:127)
org.apache.catalina.valves.ErrorReportValve.invoke(ErrorReportValve.java:102)
org.apache.catalina.core.StandardEngineValve.invoke(StandardEngineValve.java:109)
org.apache.catalina.connector.CoyoteAdapter.service(CoyoteAdapter.java:293)
org.apache.coyote.http11.Http11Processor.process(Http11Processor.java:859)
org.apache.coyote.http11.Http11Protocol$Http11ConnectionHandler.process(Http11Protocol.java:602)
org.apache.tomcat.util.net.JIoEndpoint$Worker.run(JIoEndpoint.java:489)
java.lang.Thread.run(Thread.java:680)


2013-05-30 09:29:56 	
Can't find bundle for base name languages/lang, locale zh_CN:
java.util.ResourceBundle.throwMissingResourceException(ResourceBundle.java:1427)
java.util.ResourceBundle.getBundleImpl(ResourceBundle.java:1250)
java.util.ResourceBundle.getBundle(ResourceBundle.java:777)
org.tinystruct.system.Resource.<init>(Resource.java:22)
org.tinystruct.system.Resource.getInstance(Resource.java:42)
org.tinystruct.AbstractApplication.predefine(AbstractApplication.java:76)
org.tinystruct.AbstractApplication.init(AbstractApplication.java:98)
org.tinystruct.application.Action.setContext(Action.java:23)
org.tinystruct.system.ApplicationManager.call(ApplicationManager.java:100)
org.tinystruct.system.DefaultHandler.service(DefaultHandler.java:100)
org.tinystruct.system.DefaultHandler.doFilter(DefaultHandler.java:187)
org.apache.catalina.core.ApplicationFilterChain.internalDoFilter(ApplicationFilterChain.java:235)
org.apache.catalina.core.ApplicationFilterChain.doFilter(ApplicationFilterChain.java:206)
org.apache.catalina.core.StandardWrapperValve.invoke(StandardWrapperValve.java:233)
org.apache.catalina.core.StandardContextValve.invoke(StandardContextValve.java:191)
org.apache.catalina.core.StandardHostValve.invoke(StandardHostValve.java:127)
org.apache.catalina.valves.ErrorReportValve.invoke(ErrorReportValve.java:102)
org.apache.catalina.core.StandardEngineValve.invoke(StandardEngineValve.java:109)
org.apache.catalina.connector.CoyoteAdapter.service(CoyoteAdapter.java:293)
org.apache.coyote.http11.Http11Processor.process(Http11Processor.java:859)
org.apache.coyote.http11.Http11Protocol$Http11ConnectionHandler.process(Http11Protocol.java:602)
org.apache.tomcat.util.net.JIoEndpoint$Worker.run(JIoEndpoint.java:489)
java.lang.Thread.run(Thread.java:680)


2013-05-30 09:30:00 	
Can't find bundle for base name languages/lang, locale zh_CN:
java.util.ResourceBundle.throwMissingResourceException(ResourceBundle.java:1427)
java.util.ResourceBundle.getBundleImpl(ResourceBundle.java:1250)
java.util.ResourceBundle.getBundle(ResourceBundle.java:777)
org.tinystruct.system.Resource.<init>(Resource.java:22)
org.tinystruct.system.Resource.getInstance(Resource.java:42)
org.tinystruct.AbstractApplication.predefine(AbstractApplication.java:76)
org.tinystruct.AbstractApplication.init(AbstractApplication.java:98)
org.tinystruct.application.Action.setContext(Action.java:23)
org.tinystruct.system.ApplicationManager.call(ApplicationManager.java:100)
org.tinystruct.system.DefaultHandler.service(DefaultHandler.java:100)
org.tinystruct.system.DefaultHandler.doFilter(DefaultHandler.java:187)
org.apache.catalina.core.ApplicationFilterChain.internalDoFilter(ApplicationFilterChain.java:235)
org.apache.catalina.core.ApplicationFilterChain.doFilter(ApplicationFilterChain.java:206)
org.apache.catalina.core.StandardWrapperValve.invoke(StandardWrapperValve.java:233)
org.apache.catalina.core.StandardContextValve.invoke(StandardContextValve.java:191)
org.apache.catalina.core.StandardHostValve.invoke(StandardHostValve.java:127)
org.apache.catalina.valves.ErrorReportValve.invoke(ErrorReportValve.java:102)
org.apache.catalina.core.StandardEngineValve.invoke(StandardEngineValve.java:109)
org.apache.catalina.connector.CoyoteAdapter.service(CoyoteAdapter.java:293)
org.apache.coyote.http11.Http11Processor.process(Http11Processor.java:859)
org.apache.coyote.http11.Http11Protocol$Http11ConnectionHandler.process(Http11Protocol.java:602)
org.apache.tomcat.util.net.JIoEndpoint$Worker.run(JIoEndpoint.java:489)
java.lang.Thread.run(Thread.java:680)


2013-05-30 09:30:07 	
Can't find bundle for base name languages/lang, locale zh_CN:
java.util.ResourceBundle.throwMissingResourceException(ResourceBundle.java:1427)
java.util.ResourceBundle.getBundleImpl(ResourceBundle.java:1250)
java.util.ResourceBundle.getBundle(ResourceBundle.java:777)
org.tinystruct.system.Resource.<init>(Resource.java:22)
org.tinystruct.system.Resource.getInstance(Resource.java:42)
org.tinystruct.AbstractApplication.predefine(AbstractApplication.java:76)
org.tinystruct.AbstractApplication.init(AbstractApplication.java:98)
org.tinystruct.application.Action.setContext(Action.java:23)
org.tinystruct.system.ApplicationManager.call(ApplicationManager.java:100)
org.tinystruct.system.DefaultHandler.service(DefaultHandler.java:100)
org.tinystruct.system.DefaultHandler.doFilter(DefaultHandler.java:187)
org.apache.catalina.core.ApplicationFilterChain.internalDoFilter(ApplicationFilterChain.java:235)
org.apache.catalina.core.ApplicationFilterChain.doFilter(ApplicationFilterChain.java:206)
org.apache.catalina.core.StandardWrapperValve.invoke(StandardWrapperValve.java:233)
org.apache.catalina.core.StandardContextValve.invoke(StandardContextValve.java:191)
org.apache.catalina.core.StandardHostValve.invoke(StandardHostValve.java:127)
org.apache.catalina.valves.ErrorReportValve.invoke(ErrorReportValve.java:102)
org.apache.catalina.core.StandardEngineValve.invoke(StandardEngineValve.java:109)
org.apache.catalina.connector.CoyoteAdapter.service(CoyoteAdapter.java:293)
org.apache.coyote.http11.Http11Processor.process(Http11Processor.java:859)
org.apache.coyote.http11.Http11Protocol$Http11ConnectionHandler.process(Http11Protocol.java:602)
org.apache.tomcat.util.net.JIoEndpoint$Worker.run(JIoEndpoint.java:489)
java.lang.Thread.run(Thread.java:680)


2013-05-30 09:30:17 	
Can't find bundle for base name languages/lang, locale zh_CN:
java.util.ResourceBundle.throwMissingResourceException(ResourceBundle.java:1427)
java.util.ResourceBundle.getBundleImpl(ResourceBundle.java:1250)
java.util.ResourceBundle.getBundle(ResourceBundle.java:777)
org.tinystruct.system.Resource.<init>(Resource.java:22)
org.tinystruct.system.Resource.getInstance(Resource.java:42)
org.tinystruct.AbstractApplication.predefine(AbstractApplication.java:76)
org.tinystruct.AbstractApplication.init(AbstractApplication.java:98)
org.tinystruct.application.Action.setContext(Action.java:23)
org.tinystruct.system.ApplicationManager.call(ApplicationManager.java:100)
org.tinystruct.system.DefaultHandler.service(DefaultHandler.java:100)
org.tinystruct.system.DefaultHandler.doFilter(DefaultHandler.java:187)
org.apache.catalina.core.ApplicationFilterChain.internalDoFilter(ApplicationFilterChain.java:235)
org.apache.catalina.core.ApplicationFilterChain.doFilter(ApplicationFilterChain.java:206)
org.apache.catalina.core.StandardWrapperValve.invoke(StandardWrapperValve.java:233)
org.apache.catalina.core.StandardContextValve.invoke(StandardContextValve.java:191)
org.apache.catalina.core.StandardHostValve.invoke(StandardHostValve.java:127)
org.apache.catalina.valves.ErrorReportValve.invoke(ErrorReportValve.java:102)
org.apache.catalina.core.StandardEngineValve.invoke(StandardEngineValve.java:109)
org.apache.catalina.connector.CoyoteAdapter.service(CoyoteAdapter.java:293)
org.apache.coyote.http11.Http11Processor.process(Http11Processor.java:859)
org.apache.coyote.http11.Http11Protocol$Http11ConnectionHandler.process(Http11Protocol.java:602)
org.apache.tomcat.util.net.JIoEndpoint$Worker.run(JIoEndpoint.java:489)
java.lang.Thread.run(Thread.java:680)


2013-05-30 09:30:48 	
Can't find bundle for base name languages/lang, locale zh_CN:
java.util.ResourceBundle.throwMissingResourceException(ResourceBundle.java:1427)
java.util.ResourceBundle.getBundleImpl(ResourceBundle.java:1250)
java.util.ResourceBundle.getBundle(ResourceBundle.java:777)
org.tinystruct.system.Resource.<init>(Resource.java:22)
org.tinystruct.system.Resource.getInstance(Resource.java:42)
org.tinystruct.AbstractApplication.predefine(AbstractApplication.java:76)
org.tinystruct.AbstractApplication.init(AbstractApplication.java:98)
org.tinystruct.application.Action.setContext(Action.java:23)
org.tinystruct.system.ApplicationManager.call(ApplicationManager.java:100)
org.tinystruct.system.DefaultHandler.service(DefaultHandler.java:100)
org.tinystruct.system.DefaultHandler.doFilter(DefaultHandler.java:187)
org.apache.catalina.core.ApplicationFilterChain.internalDoFilter(ApplicationFilterChain.java:235)
org.apache.catalina.core.ApplicationFilterChain.doFilter(ApplicationFilterChain.java:206)
org.apache.catalina.core.StandardWrapperValve.invoke(StandardWrapperValve.java:233)
org.apache.catalina.core.StandardContextValve.invoke(StandardContextValve.java:191)
org.apache.catalina.core.StandardHostValve.invoke(StandardHostValve.java:127)
org.apache.catalina.valves.ErrorReportValve.invoke(ErrorReportValve.java:102)
org.apache.catalina.core.StandardEngineValve.invoke(StandardEngineValve.java:109)
org.apache.catalina.connector.CoyoteAdapter.service(CoyoteAdapter.java:293)
org.apache.coyote.http11.Http11Processor.process(Http11Processor.java:859)
org.apache.coyote.http11.Http11Protocol$Http11ConnectionHandler.process(Http11Protocol.java:602)
org.apache.tomcat.util.net.JIoEndpoint$Worker.run(JIoEndpoint.java:489)
java.lang.Thread.run(Thread.java:680)


2013-05-30 09:31:02 	
Can't find bundle for base name languages/lang, locale zh_CN:
java.util.ResourceBundle.throwMissingResourceException(ResourceBundle.java:1427)
java.util.ResourceBundle.getBundleImpl(ResourceBundle.java:1250)
java.util.ResourceBundle.getBundle(ResourceBundle.java:777)
org.tinystruct.system.Resource.<init>(Resource.java:22)
org.tinystruct.system.Resource.getInstance(Resource.java:42)
org.tinystruct.AbstractApplication.predefine(AbstractApplication.java:76)
org.tinystruct.AbstractApplication.init(AbstractApplication.java:98)
org.tinystruct.application.Action.setContext(Action.java:23)
org.tinystruct.system.ApplicationManager.call(ApplicationManager.java:100)
org.tinystruct.system.DefaultHandler.service(DefaultHandler.java:100)
org.tinystruct.system.DefaultHandler.doFilter(DefaultHandler.java:187)
org.apache.catalina.core.ApplicationFilterChain.internalDoFilter(ApplicationFilterChain.java:235)
org.apache.catalina.core.ApplicationFilterChain.doFilter(ApplicationFilterChain.java:206)
org.apache.catalina.core.StandardWrapperValve.invoke(StandardWrapperValve.java:233)
org.apache.catalina.core.StandardContextValve.invoke(StandardContextValve.java:191)
org.apache.catalina.core.StandardHostValve.invoke(StandardHostValve.java:127)
org.apache.catalina.valves.ErrorReportValve.invoke(ErrorReportValve.java:102)
org.apache.catalina.core.StandardEngineValve.invoke(StandardEngineValve.java:109)
org.apache.catalina.connector.CoyoteAdapter.service(CoyoteAdapter.java:293)
org.apache.coyote.http11.Http11Processor.process(Http11Processor.java:859)
org.apache.coyote.http11.Http11Protocol$Http11ConnectionHandler.process(Http11Protocol.java:602)
org.apache.tomcat.util.net.JIoEndpoint$Worker.run(JIoEndpoint.java:489)
java.lang.Thread.run(Thread.java:680)


2013-05-30 09:31:07 	
Can't find bundle for base name languages/lang, locale zh_CN:
java.util.ResourceBundle.throwMissingResourceException(ResourceBundle.java:1427)
java.util.ResourceBundle.getBundleImpl(ResourceBundle.java:1250)
java.util.ResourceBundle.getBundle(ResourceBundle.java:777)
org.tinystruct.system.Resource.<init>(Resource.java:22)
org.tinystruct.system.Resource.getInstance(Resource.java:42)
org.tinystruct.AbstractApplication.predefine(AbstractApplication.java:76)
org.tinystruct.AbstractApplication.init(AbstractApplication.java:98)
org.tinystruct.application.Action.setContext(Action.java:23)
org.tinystruct.system.ApplicationManager.call(ApplicationManager.java:100)
org.tinystruct.system.DefaultHandler.service(DefaultHandler.java:100)
org.tinystruct.system.DefaultHandler.doFilter(DefaultHandler.java:187)
org.apache.catalina.core.ApplicationFilterChain.internalDoFilter(ApplicationFilterChain.java:235)
org.apache.catalina.core.ApplicationFilterChain.doFilter(ApplicationFilterChain.java:206)
org.apache.catalina.core.StandardWrapperValve.invoke(StandardWrapperValve.java:233)
org.apache.catalina.core.StandardContextValve.invoke(StandardContextValve.java:191)
org.apache.catalina.core.StandardHostValve.invoke(StandardHostValve.java:127)
org.apache.catalina.valves.ErrorReportValve.invoke(ErrorReportValve.java:102)
org.apache.catalina.core.StandardEngineValve.invoke(StandardEngineValve.java:109)
org.apache.catalina.connector.CoyoteAdapter.service(CoyoteAdapter.java:293)
org.apache.coyote.http11.Http11Processor.process(Http11Processor.java:859)
org.apache.coyote.http11.Http11Protocol$Http11ConnectionHandler.process(Http11Protocol.java:602)
org.apache.tomcat.util.net.JIoEndpoint$Worker.run(JIoEndpoint.java:489)
java.lang.Thread.run(Thread.java:680)


